18:44:17.621 karate.env system property was:  
18:44:18.854 request:
1 > POST http://localhost:8081/signup
1 > Accept: application/json
1 > Accept-Encoding: gzip,deflate
1 > Connection: Keep-Alive
1 > Content-Length: 44
1 > Content-Type: application/json; charset=UTF-8
1 > Host: localhost:8081
1 > User-Agent: Apache-HttpClient/4.5.12 (Java/11.0.12)
{"email":"lu@email.com","loginPassword":"1"}

18:44:23.004 org.apache.http.conn.HttpHostConnectException: Connect to localhost:8081 [localhost/127.0.0.1, localhost/0:0:0:0:0:0:0:1] failed: Connection refused: connect, http call failed after 4147 milliseconds for URL: http://localhost:8081/signup
18:44:23.005 http request failed: 
org.apache.http.conn.HttpHostConnectException: Connect to localhost:8081 [localhost/127.0.0.1, localhost/0:0:0:0:0:0:0:1] failed: Connection refused: connect
18:44:23.042 karate.env system property was:  
18:44:23.049 request:
1 > POST http://localhost:8081/signup
1 > Accept: application/json
1 > Accept-Encoding: gzip,deflate
1 > Connection: Keep-Alive
1 > Content-Length: 46
1 > Content-Type: application/json; charset=UTF-8
1 > Host: localhost:8081
1 > User-Agent: Apache-HttpClient/4.5.12 (Java/11.0.12)
{"email":"test@email.com","loginPassword":"1"}

18:44:27.170 org.apache.http.conn.HttpHostConnectException: Connect to localhost:8081 [localhost/127.0.0.1, localhost/0:0:0:0:0:0:0:1] failed: Connection refused: connect, http call failed after 4121 milliseconds for URL: http://localhost:8081/signup
18:44:27.171 http request failed: 
org.apache.http.conn.HttpHostConnectException: Connect to localhost:8081 [localhost/127.0.0.1, localhost/0:0:0:0:0:0:0:1] failed: Connection refused: connect
18:44:27.206 karate.env system property was:  
18:44:27.228 request:
1 > POST http://localhost:8081/signup
1 > Accept: application/json
1 > Accept-Encoding: gzip,deflate
1 > Connection: Keep-Alive
1 > Content-Length: 54
1 > Content-Type: application/json; charset=UTF-8
1 > Host: localhost:8081
1 > User-Agent: Apache-HttpClient/4.5.12 (Java/11.0.12)
{"email":"lu@email.com","loginPassword":"12345667890"}

18:44:31.315 org.apache.http.conn.HttpHostConnectException: Connect to localhost:8081 [localhost/127.0.0.1, localhost/0:0:0:0:0:0:0:1] failed: Connection refused: connect, http call failed after 4084 milliseconds for URL: http://localhost:8081/signup
18:44:31.315 http request failed: 
org.apache.http.conn.HttpHostConnectException: Connect to localhost:8081 [localhost/127.0.0.1, localhost/0:0:0:0:0:0:0:1] failed: Connection refused: connect
