10:14:08.114 karate.env system property was:  
10:14:09.639 request:
1 > POST http://localhost:8081/auth
1 > Accept: application/json
1 > Accept-Encoding: gzip,deflate
1 > Connection: Keep-Alive
1 > Content-Length: 49
1 > Content-Type: application/json; charset=UTF-8
1 > Host: localhost:8081
1 > User-Agent: Apache-HttpClient/4.5.12 (Java/11.0.12)
{"email":"luyza@email.com","loginPassword":"123"}

10:14:09.832 response time in milliseconds: 186.85
1 < 200
1 < Cache-Control: no-cache, no-store, max-age=0, must-revalidate
1 < Connection: keep-alive
1 < Content-Type: application/json
1 < Date: Thu, 25 Nov 2021 13:14:09 GMT
1 < Expires: 0
1 < Keep-Alive: timeout=60
1 < Pragma: no-cache
1 < Transfer-Encoding: chunked
1 < X-Content-Type-Options: nosniff
1 < X-Frame-Options: DENY
1 < X-XSS-Protection: 1; mode=block
{"token":"eyJhbGciOiJIUzI1NiJ9.eyJpc3MiOiJBUEkgZG8gU3RhciBXYXJzIiwic3ViIjoiNCIsImlhdCI6MTYzNzg0NjA0OSwiZXhwIjoxNjM3OTMyNDQ5fQ.daymq5rtur_BnSTOrC2uzl2naIyH_VPArDBh0aiW8MA","type":"Bearer"}

10:14:09.834 [print] {
  "type": "Bearer",
  "token": "eyJhbGciOiJIUzI1NiJ9.eyJpc3MiOiJBUEkgZG8gU3RhciBXYXJzIiwic3ViIjoiNCIsImlhdCI6MTYzNzg0NjA0OSwiZXhwIjoxNjM3OTMyNDQ5fQ.daymq5rtur_BnSTOrC2uzl2naIyH_VPArDBh0aiW8MA"
}

10:14:09.889 request:
2 > POST http://localhost:8081/planets
2 > Accept-Encoding: gzip,deflate
2 > Authorization: Bearer eyJhbGciOiJIUzI1NiJ9.eyJpc3MiOiJBUEkgZG8gU3RhciBXYXJzIiwic3ViIjoiNCIsImlhdCI6MTYzNzg0NjA0OSwiZXhwIjoxNjM3OTMyNDQ5fQ.daymq5rtur_BnSTOrC2uzl2naIyH_VPArDBh0aiW8MA
2 > Connection: Keep-Alive
2 > Content-Length: 94
2 > Content-Type: application/json; charset=UTF-8
2 > Host: localhost:8081
2 > User-Agent: Apache-HttpClient/4.5.12 (Java/11.0.12)
{"name":"Dantooine","climate":"temperate","terrain":"oceans, savannas, mountains, grasslands"}

10:14:11.840 response time in milliseconds: 1948.21
2 < 201
2 < Cache-Control: no-cache, no-store, max-age=0, must-revalidate
2 < Connection: keep-alive
2 < Content-Type: application/json
2 < Date: Thu, 25 Nov 2021 13:14:11 GMT
2 < Expires: 0
2 < Keep-Alive: timeout=60
2 < Location: http://localhost:8081/planets/42
2 < Pragma: no-cache
2 < Transfer-Encoding: chunked
2 < X-Content-Type-Options: nosniff
2 < X-Frame-Options: DENY
2 < X-XSS-Protection: 1; mode=block
{"id":42,"name":"Dantooine","climate":"temperate","terrain":"oceans, savannas, mountains, grasslands","numberFilms":0,"numberOfResidents":0}

10:14:11.845 [print] {
  "numberFilms": 0,
  "name": "Dantooine",
  "numberOfResidents": 0,
  "id": 42,
  "climate": "temperate",
  "terrain": "oceans, savannas, mountains, grasslands"
}

10:14:11.882 request:
3 > DELETE http://localhost:8081/planets/42
3 > Accept-Encoding: gzip,deflate
3 > Authorization: Bearer eyJhbGciOiJIUzI1NiJ9.eyJpc3MiOiJBUEkgZG8gU3RhciBXYXJzIiwic3ViIjoiNCIsImlhdCI6MTYzNzg0NjA0OSwiZXhwIjoxNjM3OTMyNDQ5fQ.daymq5rtur_BnSTOrC2uzl2naIyH_VPArDBh0aiW8MA
3 > Connection: Keep-Alive
3 > Host: localhost:8081
3 > User-Agent: Apache-HttpClient/4.5.12 (Java/11.0.12)

10:14:11.952 response time in milliseconds: 68.69
3 < 200
3 < Cache-Control: no-cache, no-store, max-age=0, must-revalidate
3 < Connection: keep-alive
3 < Content-Length: 0
3 < Date: Thu, 25 Nov 2021 13:14:11 GMT
3 < Expires: 0
3 < Keep-Alive: timeout=60
3 < Pragma: no-cache
3 < X-Content-Type-Options: nosniff
3 < X-Frame-Options: DENY
3 < X-XSS-Protection: 1; mode=block

10:14:11.955 [print] 
10:14:11.985 karate.env system property was:  
10:14:11.995 request:
1 > POST http://localhost:8081/auth
1 > Accept: application/json
1 > Accept-Encoding: gzip,deflate
1 > Connection: Keep-Alive
1 > Content-Length: 49
1 > Content-Type: application/json; charset=UTF-8
1 > Host: localhost:8081
1 > User-Agent: Apache-HttpClient/4.5.12 (Java/11.0.12)
{"email":"luyza@email.com","loginPassword":"123"}

10:14:12.102 response time in milliseconds: 106.46
1 < 200
1 < Cache-Control: no-cache, no-store, max-age=0, must-revalidate
1 < Connection: keep-alive
1 < Content-Type: application/json
1 < Date: Thu, 25 Nov 2021 13:14:11 GMT
1 < Expires: 0
1 < Keep-Alive: timeout=60
1 < Pragma: no-cache
1 < Transfer-Encoding: chunked
1 < X-Content-Type-Options: nosniff
1 < X-Frame-Options: DENY
1 < X-XSS-Protection: 1; mode=block
{"token":"eyJhbGciOiJIUzI1NiJ9.eyJpc3MiOiJBUEkgZG8gU3RhciBXYXJzIiwic3ViIjoiNCIsImlhdCI6MTYzNzg0NjA1MiwiZXhwIjoxNjM3OTMyNDUyfQ.-LDQw9Cszo_kJerPnloh_j392WobRxr9S-l1xIvzECM","type":"Bearer"}

10:14:12.103 [print] {
  "type": "Bearer",
  "token": "eyJhbGciOiJIUzI1NiJ9.eyJpc3MiOiJBUEkgZG8gU3RhciBXYXJzIiwic3ViIjoiNCIsImlhdCI6MTYzNzg0NjA1MiwiZXhwIjoxNjM3OTMyNDUyfQ.-LDQw9Cszo_kJerPnloh_j392WobRxr9S-l1xIvzECM"
}

10:14:12.111 request:
2 > DELETE http://localhost:8081/planets/900
2 > Accept-Encoding: gzip,deflate
2 > Authorization: Bearer eyJhbGciOiJIUzI1NiJ9.eyJpc3MiOiJBUEkgZG8gU3RhciBXYXJzIiwic3ViIjoiNCIsImlhdCI6MTYzNzg0NjA1MiwiZXhwIjoxNjM3OTMyNDUyfQ.-LDQw9Cszo_kJerPnloh_j392WobRxr9S-l1xIvzECM
2 > Connection: Keep-Alive
2 > Host: localhost:8081
2 > User-Agent: Apache-HttpClient/4.5.12 (Java/11.0.12)

10:14:12.143 response time in milliseconds: 30.97
2 < 404
2 < Cache-Control: no-cache, no-store, max-age=0, must-revalidate
2 < Connection: keep-alive
2 < Content-Type: application/json
2 < Date: Thu, 25 Nov 2021 13:14:11 GMT
2 < Expires: 0
2 < Keep-Alive: timeout=60
2 < Pragma: no-cache
2 < Transfer-Encoding: chunked
2 < X-Content-Type-Options: nosniff
2 < X-Frame-Options: DENY
2 < X-XSS-Protection: 1; mode=block
{"field":"id","message":"Id dont exist"}

10:14:12.144 [print] {
  "field": "id",
  "message": "Id dont exist"
}

10:14:12.532 karate.env system property was:  
10:14:12.553 request:
1 > POST http://localhost:8081/auth
1 > Accept: application/json
1 > Accept-Encoding: gzip,deflate
1 > Connection: Keep-Alive
1 > Content-Length: 49
1 > Content-Type: application/json; charset=UTF-8
1 > Host: localhost:8081
1 > User-Agent: Apache-HttpClient/4.5.12 (Java/11.0.12)
{"email":"luyza@email.com","loginPassword":"123"}

10:14:12.700 response time in milliseconds: 145.10
1 < 200
1 < Cache-Control: no-cache, no-store, max-age=0, must-revalidate
1 < Connection: keep-alive
1 < Content-Type: application/json
1 < Date: Thu, 25 Nov 2021 13:14:11 GMT
1 < Expires: 0
1 < Keep-Alive: timeout=60
1 < Pragma: no-cache
1 < Transfer-Encoding: chunked
1 < X-Content-Type-Options: nosniff
1 < X-Frame-Options: DENY
1 < X-XSS-Protection: 1; mode=block
{"token":"eyJhbGciOiJIUzI1NiJ9.eyJpc3MiOiJBUEkgZG8gU3RhciBXYXJzIiwic3ViIjoiNCIsImlhdCI6MTYzNzg0NjA1MiwiZXhwIjoxNjM3OTMyNDUyfQ.-LDQw9Cszo_kJerPnloh_j392WobRxr9S-l1xIvzECM","type":"Bearer"}

10:14:12.701 [print] {
  "type": "Bearer",
  "token": "eyJhbGciOiJIUzI1NiJ9.eyJpc3MiOiJBUEkgZG8gU3RhciBXYXJzIiwic3ViIjoiNCIsImlhdCI6MTYzNzg0NjA1MiwiZXhwIjoxNjM3OTMyNDUyfQ.-LDQw9Cszo_kJerPnloh_j392WobRxr9S-l1xIvzECM"
}

10:14:12.716 karate.env system property was:  
10:14:12.722 request:
1 > POST http://localhost:8081/auth
1 > Accept: application/json
1 > Accept-Encoding: gzip,deflate
1 > Connection: Keep-Alive
1 > Content-Length: 51
1 > Content-Type: application/json; charset=UTF-8
1 > Host: localhost:8081
1 > User-Agent: Apache-HttpClient/4.5.12 (Java/11.0.12)
{"email":"luyza@email.com","loginPassword":"12345"}

10:14:12.846 response time in milliseconds: 123.88
1 < 400
1 < Cache-Control: no-cache, no-store, max-age=0, must-revalidate
1 < Connection: close
1 < Content-Length: 0
1 < Date: Thu, 25 Nov 2021 13:14:12 GMT
1 < Expires: 0
1 < Pragma: no-cache
1 < X-Content-Type-Options: nosniff
1 < X-Frame-Options: DENY
1 < X-XSS-Protection: 1; mode=block

10:14:12.846 [print] 
10:14:12.919 karate.env system property was:  
10:14:12.929 request:
1 > POST http://localhost:8081/auth
1 > Accept: application/json
1 > Accept-Encoding: gzip,deflate
1 > Connection: Keep-Alive
1 > Content-Length: 49
1 > Content-Type: application/json; charset=UTF-8
1 > Host: localhost:8081
1 > User-Agent: Apache-HttpClient/4.5.12 (Java/11.0.12)
{"email":"luyza@email.com","loginPassword":"123"}

10:14:13.042 response time in milliseconds: 111.60
1 < 200
1 < Cache-Control: no-cache, no-store, max-age=0, must-revalidate
1 < Connection: keep-alive
1 < Content-Type: application/json
1 < Date: Thu, 25 Nov 2021 13:14:12 GMT
1 < Expires: 0
1 < Keep-Alive: timeout=60
1 < Pragma: no-cache
1 < Transfer-Encoding: chunked
1 < X-Content-Type-Options: nosniff
1 < X-Frame-Options: DENY
1 < X-XSS-Protection: 1; mode=block
{"token":"eyJhbGciOiJIUzI1NiJ9.eyJpc3MiOiJBUEkgZG8gU3RhciBXYXJzIiwic3ViIjoiNCIsImlhdCI6MTYzNzg0NjA1MywiZXhwIjoxNjM3OTMyNDUzfQ.dMs20orHPxoN40Z5bWQGx979249t8Tf0Wc2e2VsLQDQ","type":"Bearer"}

10:14:13.043 [print] {
  "type": "Bearer",
  "token": "eyJhbGciOiJIUzI1NiJ9.eyJpc3MiOiJBUEkgZG8gU3RhciBXYXJzIiwic3ViIjoiNCIsImlhdCI6MTYzNzg0NjA1MywiZXhwIjoxNjM3OTMyNDUzfQ.dMs20orHPxoN40Z5bWQGx979249t8Tf0Wc2e2VsLQDQ"
}

10:14:13.048 request:
2 > POST http://localhost:8081/planets
2 > Accept-Encoding: gzip,deflate
2 > Authorization: Bearer eyJhbGciOiJIUzI1NiJ9.eyJpc3MiOiJBUEkgZG8gU3RhciBXYXJzIiwic3ViIjoiNCIsImlhdCI6MTYzNzg0NjA1MywiZXhwIjoxNjM3OTMyNDUzfQ.dMs20orHPxoN40Z5bWQGx979249t8Tf0Wc2e2VsLQDQ
2 > Connection: Keep-Alive
2 > Content-Length: 94
2 > Content-Type: application/json; charset=UTF-8
2 > Host: localhost:8081
2 > User-Agent: Apache-HttpClient/4.5.12 (Java/11.0.12)
{"name":"Dantooine","climate":"temperate","terrain":"oceans, savannas, mountains, grasslands"}

10:14:14.570 response time in milliseconds: 1519.38
2 < 201
2 < Cache-Control: no-cache, no-store, max-age=0, must-revalidate
2 < Connection: keep-alive
2 < Content-Type: application/json
2 < Date: Thu, 25 Nov 2021 13:14:14 GMT
2 < Expires: 0
2 < Keep-Alive: timeout=60
2 < Location: http://localhost:8081/planets/43
2 < Pragma: no-cache
2 < Transfer-Encoding: chunked
2 < X-Content-Type-Options: nosniff
2 < X-Frame-Options: DENY
2 < X-XSS-Protection: 1; mode=block
{"id":43,"name":"Dantooine","climate":"temperate","terrain":"oceans, savannas, mountains, grasslands","numberFilms":0,"numberOfResidents":0}

10:14:14.577 [print] {
  "numberFilms": 0,
  "name": "Dantooine",
  "numberOfResidents": 0,
  "id": 43,
  "climate": "temperate",
  "terrain": "oceans, savannas, mountains, grasslands"
}

10:14:14.594 request:
3 > DELETE http://localhost:8081/planets/43
3 > Accept-Encoding: gzip,deflate
3 > Authorization: Bearer eyJhbGciOiJIUzI1NiJ9.eyJpc3MiOiJBUEkgZG8gU3RhciBXYXJzIiwic3ViIjoiNCIsImlhdCI6MTYzNzg0NjA1MywiZXhwIjoxNjM3OTMyNDUzfQ.dMs20orHPxoN40Z5bWQGx979249t8Tf0Wc2e2VsLQDQ
3 > Connection: Keep-Alive
3 > Host: localhost:8081
3 > User-Agent: Apache-HttpClient/4.5.12 (Java/11.0.12)

10:14:14.651 response time in milliseconds: 56.27
3 < 200
3 < Cache-Control: no-cache, no-store, max-age=0, must-revalidate
3 < Connection: keep-alive
3 < Content-Length: 0
3 < Date: Thu, 25 Nov 2021 13:14:14 GMT
3 < Expires: 0
3 < Keep-Alive: timeout=60
3 < Pragma: no-cache
3 < X-Content-Type-Options: nosniff
3 < X-Frame-Options: DENY
3 < X-XSS-Protection: 1; mode=block

10:14:14.652 [print] 
10:14:14.667 request:
4 > PUT http://localhost:8081/planets/43
4 > Accept-Encoding: gzip,deflate
4 > Authorization: Bearer eyJhbGciOiJIUzI1NiJ9.eyJpc3MiOiJBUEkgZG8gU3RhciBXYXJzIiwic3ViIjoiNCIsImlhdCI6MTYzNzg0NjA1MywiZXhwIjoxNjM3OTMyNDUzfQ.dMs20orHPxoN40Z5bWQGx979249t8Tf0Wc2e2VsLQDQ
4 > Connection: Keep-Alive
4 > Content-Length: 82
4 > Content-Type: application/json; charset=UTF-8
4 > Host: localhost:8081
4 > User-Agent: Apache-HttpClient/4.5.12 (Java/11.0.12)
{"name":"Nal Hutta","climate":"temperate","terrain":"urban, oceans, swamps, bogs"}

10:14:14.715 response time in milliseconds: 46.56
4 < 404
4 < Cache-Control: no-cache, no-store, max-age=0, must-revalidate
4 < Connection: keep-alive
4 < Content-Type: application/json
4 < Date: Thu, 25 Nov 2021 13:14:14 GMT
4 < Expires: 0
4 < Keep-Alive: timeout=60
4 < Pragma: no-cache
4 < Transfer-Encoding: chunked
4 < X-Content-Type-Options: nosniff
4 < X-Frame-Options: DENY
4 < X-XSS-Protection: 1; mode=block
{"field":"id","message":"The planet you are looking for doesn't exist"}

10:14:14.716 [print] {
  "field": "id",
  "message": "The planet you are looking for doesn't exist"
}

